android/app/build/intermediates/manifest_merge_blame_file/debug/manifest-merger-blame-debug-report.txt
1<?xml version="1.0" encoding="utf-8"?>
2<manifest xmlns:android="http://schemas.android.com/apk/res/android"
3    package="com.surveyapp"
4    android:versionCode="1"
5    android:versionName="1.0" >
6
7    <uses-sdk
8        android:minSdkVersion="21"
9        android:targetSdkVersion="31" />
10
11    <uses-permission android:name="android.permission.SYSTEM_ALERT_WINDOW" />
11-->src/debug/AndroidManifest.xml:5:5-77
11-->src/debug/AndroidManifest.xml:5:22-75
12    <uses-permission android:name="android.permission.INTERNET" />
12-->src/main/AndroidManifest.xml:4:5-67
12-->src/main/AndroidManifest.xml:4:22-64
13    <uses-permission android:name="android.permission.ACCESS_FINE_LOCATION" />
13-->src/main/AndroidManifest.xml:5:5-79
13-->src/main/AndroidManifest.xml:5:22-76
14    <uses-permission android:name="android.permission.ACCESS_WIFI_STATE" />
14-->[com.facebook.flipper:flipper:0.125.0] AndroidManifest.xml:16:5-76
14-->[com.facebook.flipper:flipper:0.125.0] AndroidManifest.xml:16:22-73
15
16    <application
16-->src/main/AndroidManifest.xml:7:5-26:19
17        android:name="com.surveyapp.MainApplication"
17-->src/main/AndroidManifest.xml:8:7-38
18        android:allowBackup="false"
18-->src/main/AndroidManifest.xml:12:7-34
19        android:appComponentFactory="androidx.core.app.CoreComponentFactory"
19-->[androidx.core:core:1.7.0] AndroidManifest.xml:24:18-86
20        android:debuggable="true"
21        android:icon="@mipmap/ic_launcher"
21-->src/main/AndroidManifest.xml:10:7-41
22        android:label="@string/app_name"
22-->src/main/AndroidManifest.xml:9:7-39
23        android:roundIcon="@mipmap/ic_launcher_round"
23-->src/main/AndroidManifest.xml:11:7-52
24        android:theme="@style/AppTheme"
24-->src/main/AndroidManifest.xml:13:7-38
25        android:usesCleartextTraffic="true" >
25-->src/debug/AndroidManifest.xml:8:9-44
26        <activity
26-->src/debug/AndroidManifest.xml:11:9-111
27            android:name="com.facebook.react.devsupport.DevSettingsActivity"
27-->src/debug/AndroidManifest.xml:11:19-83
28            android:exported="false" />
28-->src/debug/AndroidManifest.xml:11:84-108
29        <activity
29-->src/main/AndroidManifest.xml:14:7-25:18
30            android:name="com.surveyapp.MainActivity"
30-->src/main/AndroidManifest.xml:15:9-37
31            android:configChanges="keyboard|keyboardHidden|orientation|screenLayout|screenSize|smallestScreenSize|uiMode"
31-->src/main/AndroidManifest.xml:17:9-118
32            android:exported="true"
32-->src/main/AndroidManifest.xml:20:9-32
33            android:label="@string/app_name"
33-->src/main/AndroidManifest.xml:16:9-41
34            android:launchMode="singleTask"
34-->src/main/AndroidManifest.xml:18:9-40
35            android:windowSoftInputMode="adjustResize" >
35-->src/main/AndroidManifest.xml:19:9-51
36            <intent-filter>
36-->src/main/AndroidManifest.xml:21:9-24:25
37                <action android:name="android.intent.action.MAIN" />
37-->src/main/AndroidManifest.xml:22:13-65
37-->src/main/AndroidManifest.xml:22:21-62
38
39                <category android:name="android.intent.category.LAUNCHER" />
39-->src/main/AndroidManifest.xml:23:13-73
39-->src/main/AndroidManifest.xml:23:23-70
40            </intent-filter>
41        </activity>
42
43        <provider
43-->[:react-native-image-picker] AndroidManifest.xml:10:9-18:20
44            android:name="com.imagepicker.ImagePickerProvider"
44-->[:react-native-image-picker] AndroidManifest.xml:11:13-63
45            android:authorities="com.surveyapp.imagepickerprovider"
45-->[:react-native-image-picker] AndroidManifest.xml:12:13-71
46            android:exported="false"
46-->[:react-native-image-picker] AndroidManifest.xml:13:13-37
47            android:grantUriPermissions="true" >
47-->[:react-native-image-picker] AndroidManifest.xml:14:13-47
48            <meta-data
48-->[:react-native-image-picker] AndroidManifest.xml:15:13-17:70
49                android:name="android.support.FILE_PROVIDER_PATHS"
49-->[:react-native-image-picker] AndroidManifest.xml:16:17-67
50                android:resource="@xml/imagepicker_provider_paths" />
50-->[:react-native-image-picker] AndroidManifest.xml:17:17-67
51        </provider>
52
53        <activity
53-->[com.google.android.gms:play-services-auth:17.0.0] AndroidManifest.xml:23:9-27:75
54            android:name="com.google.android.gms.auth.api.signin.internal.SignInHubActivity"
54-->[com.google.android.gms:play-services-auth:17.0.0] AndroidManifest.xml:24:13-93
55            android:excludeFromRecents="true"
55-->[com.google.android.gms:play-services-auth:17.0.0] AndroidManifest.xml:25:13-46
56            android:exported="false"
56-->[com.google.android.gms:play-services-auth:17.0.0] AndroidManifest.xml:26:13-37
57            android:theme="@android:style/Theme.Translucent.NoTitleBar" />
57-->[com.google.android.gms:play-services-auth:17.0.0] AndroidManifest.xml:27:13-72
58        <!--
59            Service handling Google Sign-In user revocation. For apps that do not integrate with
60            Google Sign-In, this service will never be started.
61        -->
62        <service
62-->[com.google.android.gms:play-services-auth:17.0.0] AndroidManifest.xml:33:9-36:110
63            android:name="com.google.android.gms.auth.api.signin.RevocationBoundService"
63-->[com.google.android.gms:play-services-auth:17.0.0] AndroidManifest.xml:34:13-89
64            android:exported="true"
64-->[com.google.android.gms:play-services-auth:17.0.0] AndroidManifest.xml:35:13-36
65            android:permission="com.google.android.gms.auth.api.signin.permission.REVOCATION_NOTIFICATION" />
65-->[com.google.android.gms:play-services-auth:17.0.0] AndroidManifest.xml:36:13-107
66
67        <activity
67-->[com.google.android.gms:play-services-base:18.0.1] AndroidManifest.xml:20:9-22:45
68            android:name="com.google.android.gms.common.api.GoogleApiActivity"
68-->[com.google.android.gms:play-services-base:18.0.1] AndroidManifest.xml:20:19-85
69            android:exported="false"
69-->[com.google.android.gms:play-services-base:18.0.1] AndroidManifest.xml:22:19-43
70            android:theme="@android:style/Theme.Translucent.NoTitleBar" />
70-->[com.google.android.gms:play-services-base:18.0.1] AndroidManifest.xml:21:19-78
71
72        <meta-data
72-->[com.google.android.gms:play-services-basement:18.0.0] AndroidManifest.xml:21:9-23:69
73            android:name="com.google.android.gms.version"
73-->[com.google.android.gms:play-services-basement:18.0.0] AndroidManifest.xml:22:13-58
74            android:value="@integer/google_play_services_version" />
74-->[com.google.android.gms:play-services-basement:18.0.0] AndroidManifest.xml:23:13-66
75
76        <provider
76-->[androidx.emoji2:emoji2:1.0.0] AndroidManifest.xml:26:9-34:20
77            android:name="androidx.startup.InitializationProvider"
77-->[androidx.emoji2:emoji2:1.0.0] AndroidManifest.xml:27:13-67
78            android:authorities="com.surveyapp.androidx-startup"
78-->[androidx.emoji2:emoji2:1.0.0] AndroidManifest.xml:28:13-68
79            android:exported="false" >
79-->[androidx.emoji2:emoji2:1.0.0] AndroidManifest.xml:29:13-37
80            <meta-data
80-->[androidx.emoji2:emoji2:1.0.0] AndroidManifest.xml:31:13-33:52
81                android:name="androidx.emoji2.text.EmojiCompatInitializer"
81-->[androidx.emoji2:emoji2:1.0.0] AndroidManifest.xml:32:17-75
82                android:value="androidx.startup" />
82-->[androidx.emoji2:emoji2:1.0.0] AndroidManifest.xml:33:17-49
83            <meta-data
83-->[androidx.lifecycle:lifecycle-process:2.4.0] AndroidManifest.xml:31:13-33:52
84                android:name="androidx.lifecycle.ProcessLifecycleInitializer"
84-->[androidx.lifecycle:lifecycle-process:2.4.0] AndroidManifest.xml:32:17-78
85                android:value="androidx.startup" />
85-->[androidx.lifecycle:lifecycle-process:2.4.0] AndroidManifest.xml:33:17-49
86        </provider>
87    </application>
88
89</manifest>